C:\USERS\ELEVE\DESKTOP\3DRVRA\LABS\VRPN_MOUSE\VRPN_MOUSE\DEBUG\VRPN_MOUSE.OBJ
C:\USERS\ELEVE\DESKTOP\3DRVRA\LABS\VRPN_MOUSE\VRPN_MOUSE\DEBUG\VC110.PDB
C:\USERS\ELEVE\DESKTOP\3DRVRA\LABS\VRPN_MOUSE\DEBUG\VRPN_MOUSE.ILK
C:\USERS\ELEVE\DESKTOP\3DRVRA\LABS\VRPN_MOUSE\DEBUG\VRPN_MOUSE.EXE
C:\USERS\ELEVE\DESKTOP\3DRVRA\LABS\VRPN_MOUSE\DEBUG\VRPN_MOUSE.PDB
C:\Users\eleve\Desktop\3DRVRA\labs\vrpn_mouse\vrpn_mouse\Debug\vrpn_mouse.obj
C:\Users\eleve\Desktop\3DRVRA\labs\vrpn_mouse\vrpn_mouse\Debug\cl.command.1.tlog
C:\Users\eleve\Desktop\3DRVRA\labs\vrpn_mouse\vrpn_mouse\Debug\CL.read.1.tlog
C:\Users\eleve\Desktop\3DRVRA\labs\vrpn_mouse\vrpn_mouse\Debug\CL.write.1.tlog
C:\Users\eleve\Desktop\3DRVRA\labs\vrpn_mouse\vrpn_mouse\Debug\link-cvtres.read.1.tlog
C:\Users\eleve\Desktop\3DRVRA\labs\vrpn_mouse\vrpn_mouse\Debug\link-cvtres.write.1.tlog
C:\Users\eleve\Desktop\3DRVRA\labs\vrpn_mouse\vrpn_mouse\Debug\link-rc.read.1.tlog
C:\Users\eleve\Desktop\3DRVRA\labs\vrpn_mouse\vrpn_mouse\Debug\link-rc.write.1.tlog
C:\Users\eleve\Desktop\3DRVRA\labs\vrpn_mouse\vrpn_mouse\Debug\link.command.1.tlog
C:\Users\eleve\Desktop\3DRVRA\labs\vrpn_mouse\vrpn_mouse\Debug\link.read.1.tlog
C:\Users\eleve\Desktop\3DRVRA\labs\vrpn_mouse\vrpn_mouse\Debug\link.read.2.tlog
C:\Users\eleve\Desktop\3DRVRA\labs\vrpn_mouse\vrpn_mouse\Debug\link.write.1.tlog
C:\Users\eleve\Desktop\3DRVRA\labs\vrpn_mouse\vrpn_mouse\Debug\vc110.idb
C:\Users\eleve\Desktop\3DRVRA\labs\vrpn_mouse\vrpn_mouse\Debug\vc110.pdb
C:\Users\eleve\Desktop\3DRVRA\labs\vrpn_mouse\Debug\vrpn_mouse.pdb
C:\Users\eleve\Desktop\3DRVRA\labs\vrpn_mouse\Debug\vrpn_mouse.exe
C:\Users\eleve\Desktop\3DRVRA\labs\vrpn_mouse\Debug\vrpn_mouse.ilk
